<?xml version="1.0" encoding="UTF-8"?>
<coverage generated="1781947917047" clover="3.2.0">
  <project timestamp="1781947917047" name="All files">
    <metrics statements="7" coveredstatements="7" conditionals="9" coveredconditionals="6" methods="4" coveredmethods="4" elements="20" coveredelements="17" complexity="0" loc="7" ncloc="7" packages="1" files="2" classes="2"/>
    <file name="index.js" path="C:\Users\fajar\Downloads\AI\shared\secret-store\index.js">
      <metrics statements="0" coveredstatements="0" conditionals="0" coveredconditionals="0" methods="0" coveredmethods="0"/>
    </file>
    <file name="loader.js" path="C:\Users\fajar\Downloads\AI\shared\secret-store\loader.js">
      <metrics statements="7" coveredstatements="7" conditionals="9" coveredconditionals="6" methods="4" coveredmethods="4"/>
      <line num="38" count="2" type="stmt"/>
      <line num="39" count="2" type="stmt"/>
      <line num="52" count="1" type="stmt"/>
      <line num="53" count="1" type="stmt"/>
      <line num="54" count="3" type="stmt"/>
      <line num="66" count="2" type="stmt"/>
      <line num="67" count="2" type="stmt"/>
    </file>
  </project>
</coverage>
