{"C:\\Users\\fajar\\Downloads\\AI\\shared\\secret-store\\index.js": {"path":"C:\\Users\\fajar\\Downloads\\AI\\shared\\secret-store\\index.js","statementMap":{},"fnMap":{},"branchMap":{},"s":{},"f":{},"b":{},"inputSourceMap":null}
,"C:\\Users\\fajar\\Downloads\\AI\\shared\\secret-store\\loader.js": {"path":"C:\\Users\\fajar\\Downloads\\AI\\shared\\secret-store\\loader.js","statementMap":{"0":{"start":{"line":38,"column":21},"end":{"line":38,"column":47}},"1":{"start":{"line":39,"column":2},"end":{"line":44,"column":4}},"2":{"start":{"line":52,"column":21},"end":{"line":52,"column":47}},"3":{"start":{"line":53,"column":16},"end":{"line":53,"column":66}},"4":{"start":{"line":54,"column":2},"end":{"line":58,"column":6}},"5":{"start":{"line":54,"column":30},"end":{"line":58,"column":3}},"6":{"start":{"line":66,"column":17},"end":{"line":66,"column":40}},"7":{"start":{"line":67,"column":2},"end":{"line":74,"column":4}}},"fnMap":{"0":{"name":"loadAllSecrets","decl":{"start":{"line":37,"column":16},"end":{"line":37,"column":30}},"loc":{"start":{"line":37,"column":45},"end":{"line":45,"column":1}},"line":37},"1":{"name":"listSecretFiles","decl":{"start":{"line":51,"column":16},"end":{"line":51,"column":31}},"loc":{"start":{"line":51,"column":46},"end":{"line":59,"column":1}},"line":51},"2":{"name":"(anonymous_2)","decl":{"start":{"line":54,"column":19},"end":{"line":54,"column":20}},"loc":{"start":{"line":54,"column":30},"end":{"line":58,"column":3}},"line":54},"3":{"name":"getSecretStoreStatus","decl":{"start":{"line":65,"column":16},"end":{"line":65,"column":36}},"loc":{"start":{"line":65,"column":51},"end":{"line":75,"column":1}},"line":65}},"branchMap":{"0":{"loc":{"start":{"line":37,"column":31},"end":{"line":37,"column":43}},"type":"default-arg","locations":[{"start":{"line":37,"column":41},"end":{"line":37,"column":43}}],"line":37},"1":{"loc":{"start":{"line":51,"column":32},"end":{"line":51,"column":44}},"type":"default-arg","locations":[{"start":{"line":51,"column":42},"end":{"line":51,"column":44}}],"line":51},"2":{"loc":{"start":{"line":65,"column":37},"end":{"line":65,"column":49}},"type":"default-arg","locations":[{"start":{"line":65,"column":47},"end":{"line":65,"column":49}}],"line":65},"3":{"loc":{"start":{"line":70,"column":69},"end":{"line":70,"column":100}},"type":"binary-expr","locations":[{"start":{"line":70,"column":69},"end":{"line":70,"column":92}},{"start":{"line":70,"column":96},"end":{"line":70,"column":100}}],"line":70},"4":{"loc":{"start":{"line":71,"column":61},"end":{"line":71,"column":88}},"type":"binary-expr","locations":[{"start":{"line":71,"column":61},"end":{"line":71,"column":80}},{"start":{"line":71,"column":84},"end":{"line":71,"column":88}}],"line":71},"5":{"loc":{"start":{"line":72,"column":69},"end":{"line":72,"column":100}},"type":"binary-expr","locations":[{"start":{"line":72,"column":69},"end":{"line":72,"column":92}},{"start":{"line":72,"column":96},"end":{"line":72,"column":100}}],"line":72}},"s":{"0":2,"1":2,"2":1,"3":1,"4":1,"5":3,"6":2,"7":2},"f":{"0":2,"1":1,"2":3,"3":2},"b":{"0":[0],"1":[0],"2":[0],"3":[2,1],"4":[2,2],"5":[2,1]},"inputSourceMap":null,"_coverageSchema":"1a1c01bbd47fc00a2c39e90264f33305004495a9","hash":"da3f857710e34615921fb87253b3ab30bc7c85cb"}
}
