{"C:\\Users\\fajar\\Downloads\\AI\\shared\\validation\\index.js": {"path":"C:\\Users\\fajar\\Downloads\\AI\\shared\\validation\\index.js","statementMap":{"0":{"start":{"line":14,"column":26},"end":{"line":21,"column":2}},"1":{"start":{"line":23,"column":32},"end":{"line":27,"column":2}},"2":{"start":{"line":29,"column":34},"end":{"line":35,"column":2}},"3":{"start":{"line":42,"column":17},"end":{"line":42,"column":39}},"4":{"start":{"line":43,"column":2},"end":{"line":46,"column":3}},"5":{"start":{"line":44,"column":20},"end":{"line":44,"column":98}},"6":{"start":{"line":44,"column":51},"end":{"line":44,"column":86}},"7":{"start":{"line":45,"column":4},"end":{"line":45,"column":29}},"8":{"start":{"line":47,"column":2},"end":{"line":47,"column":21}}},"fnMap":{"0":{"name":"validateOrThrow","decl":{"start":{"line":41,"column":16},"end":{"line":41,"column":31}},"loc":{"start":{"line":41,"column":46},"end":{"line":48,"column":1}},"line":41},"1":{"name":"(anonymous_1)","decl":{"start":{"line":44,"column":44},"end":{"line":44,"column":45}},"loc":{"start":{"line":44,"column":51},"end":{"line":44,"column":86}},"line":44}},"branchMap":{"0":{"loc":{"start":{"line":43,"column":2},"end":{"line":46,"column":3}},"type":"if","locations":[{"start":{"line":43,"column":2},"end":{"line":46,"column":3}},{"start":{},"end":{}}],"line":43}},"s":{"0":1,"1":1,"2":1,"3":2,"4":2,"5":1,"6":1,"7":1,"8":1},"f":{"0":2,"1":1},"b":{"0":[1,1]},"inputSourceMap":null,"_coverageSchema":"1a1c01bbd47fc00a2c39e90264f33305004495a9","hash":"d0235458c62b8a20cd4f4f60cb75efd30669dc12"}
}
