<?xml version="1.0" encoding="UTF-8"?>
<coverage generated="1781947915306" clover="3.2.0">
  <project timestamp="1781947915306" name="All files">
    <metrics statements="38" coveredstatements="33" conditionals="24" coveredconditionals="21" methods="14" coveredmethods="12" elements="76" coveredelements="66" complexity="0" loc="38" ncloc="38" packages="1" files="1" classes="1"/>
    <file name="index.js" path="C:\Users\fajar\Downloads\AI\shared\workflow\index.js">
      <metrics statements="38" coveredstatements="33" conditionals="24" coveredconditionals="21" methods="14" coveredmethods="12"/>
      <line num="6" count="1" type="stmt"/>
      <line num="31" count="18" type="cond" truecount="4" falsecount="0"/>
      <line num="33" count="1" type="stmt"/>
      <line num="34" count="1" type="stmt"/>
      <line num="35" count="1" type="stmt"/>
      <line num="37" count="0" type="stmt"/>
      <line num="38" count="0" type="stmt"/>
      <line num="41" count="0" type="stmt"/>
      <line num="42" count="0" type="stmt"/>
      <line num="54" count="14" type="cond" truecount="3" falsecount="0"/>
      <line num="55" count="14" type="stmt"/>
      <line num="57" count="14" type="stmt"/>
      <line num="58" count="18" type="stmt"/>
      <line num="59" count="18" type="cond" truecount="2" falsecount="0"/>
      <line num="60" count="11" type="stmt"/>
      <line num="62" count="7" type="cond" truecount="1" falsecount="1"/>
      <line num="63" count="7" type="cond" truecount="2" falsecount="0"/>
      <line num="64" count="4" type="cond" truecount="1" falsecount="1"/>
      <line num="69" count="3" type="stmt"/>
      <line num="80" count="5" type="cond" truecount="2" falsecount="0"/>
      <line num="81" count="5" type="stmt"/>
      <line num="83" count="5" type="stmt"/>
      <line num="90" count="7" type="stmt"/>
      <line num="91" count="7" type="stmt"/>
      <line num="98" count="2" type="stmt"/>
      <line num="99" count="1" type="stmt"/>
      <line num="109" count="4" type="stmt"/>
      <line num="111" count="4" type="stmt"/>
      <line num="112" count="7" type="stmt"/>
      <line num="113" count="7" type="stmt"/>
      <line num="114" count="7" type="stmt"/>
      <line num="116" count="7" type="cond" truecount="3" falsecount="1"/>
      <line num="117" count="0" type="stmt"/>
      <line num="121" count="6" type="stmt"/>
      <line num="130" count="1" type="stmt"/>
      <line num="131" count="2" type="stmt"/>
      <line num="133" count="2" type="stmt"/>
      <line num="134" count="2" type="stmt"/>
    </file>
  </project>
</coverage>
