{"C:\\Users\\fajar\\Downloads\\AI\\shared\\workflow\\index.js": {"path":"C:\\Users\\fajar\\Downloads\\AI\\shared\\workflow\\index.js","statementMap":{"0":{"start":{"line":6,"column":28},"end":{"line":6,"column":30}},"1":{"start":{"line":31,"column":2},"end":{"line":31,"column":48}},"2":{"start":{"line":31,"column":36},"end":{"line":31,"column":48}},"3":{"start":{"line":33,"column":2},"end":{"line":44,"column":5}},"4":{"start":{"line":34,"column":18},"end":{"line":34,"column":103}},"5":{"start":{"line":34,"column":35},"end":{"line":34,"column":91}},"6":{"start":{"line":35,"column":4},"end":{"line":43,"column":9}},"7":{"start":{"line":37,"column":8},"end":{"line":37,"column":28}},"8":{"start":{"line":38,"column":8},"end":{"line":38,"column":23}},"9":{"start":{"line":41,"column":8},"end":{"line":41,"column":28}},"10":{"start":{"line":42,"column":8},"end":{"line":42,"column":20}},"11":{"start":{"line":54,"column":21},"end":{"line":54,"column":78}},"12":{"start":{"line":55,"column":18},"end":{"line":55,"column":33}},"13":{"start":{"line":57,"column":2},"end":{"line":67,"column":3}},"14":{"start":{"line":57,"column":21},"end":{"line":57,"column":22}},"15":{"start":{"line":58,"column":4},"end":{"line":66,"column":5}},"16":{"start":{"line":59,"column":21},"end":{"line":59,"column":72}},"17":{"start":{"line":60,"column":6},"end":{"line":60,"column":71}},"18":{"start":{"line":62,"column":6},"end":{"line":62,"column":67}},"19":{"start":{"line":63,"column":6},"end":{"line":65,"column":7}},"20":{"start":{"line":64,"column":8},"end":{"line":64,"column":86}},"21":{"start":{"line":69,"column":2},"end":{"line":69,"column":81}},"22":{"start":{"line":80,"column":4},"end":{"line":80,"column":64}},"23":{"start":{"line":81,"column":4},"end":{"line":81,"column":49}},"24":{"start":{"line":83,"column":4},"end":{"line":83,"column":20}},"25":{"start":{"line":90,"column":4},"end":{"line":90,"column":26}},"26":{"start":{"line":91,"column":4},"end":{"line":91,"column":16}},"27":{"start":{"line":98,"column":4},"end":{"line":98,"column":49}},"28":{"start":{"line":98,"column":30},"end":{"line":98,"column":49}},"29":{"start":{"line":99,"column":4},"end":{"line":99,"column":16}},"30":{"start":{"line":109,"column":20},"end":{"line":109,"column":22}},"31":{"start":{"line":111,"column":4},"end":{"line":119,"column":5}},"32":{"start":{"line":112,"column":21},"end":{"line":112,"column":73}},"33":{"start":{"line":113,"column":6},"end":{"line":113,"column":27}},"34":{"start":{"line":114,"column":6},"end":{"line":114,"column":36}},"35":{"start":{"line":116,"column":6},"end":{"line":118,"column":7}},"36":{"start":{"line":117,"column":8},"end":{"line":117,"column":43}},"37":{"start":{"line":121,"column":4},"end":{"line":121,"column":65}},"38":{"start":{"line":121,"column":43},"end":{"line":121,"column":52}},"39":{"start":{"line":130,"column":20},"end":{"line":132,"column":5}},"40":{"start":{"line":131,"column":26},"end":{"line":131,"column":72}},"41":{"start":{"line":133,"column":4},"end":{"line":133,"column":64}},"42":{"start":{"line":133,"column":34},"end":{"line":133,"column":64}},"43":{"start":{"line":134,"column":4},"end":{"line":134,"column":65}},"44":{"start":{"line":134,"column":43},"end":{"line":134,"column":52}}},"fnMap":{"0":{"name":"withTimeout","decl":{"start":{"line":30,"column":15},"end":{"line":30,"column":26}},"loc":{"start":{"line":30,"column":42},"end":{"line":45,"column":1}},"line":30},"1":{"name":"(anonymous_1)","decl":{"start":{"line":33,"column":21},"end":{"line":33,"column":22}},"loc":{"start":{"line":33,"column":42},"end":{"line":44,"column":3}},"line":33},"2":{"name":"(anonymous_2)","decl":{"start":{"line":34,"column":29},"end":{"line":34,"column":30}},"loc":{"start":{"line":34,"column":35},"end":{"line":34,"column":91}},"line":34},"3":{"name":"(anonymous_3)","decl":{"start":{"line":36,"column":12},"end":{"line":36,"column":13}},"loc":{"start":{"line":36,"column":23},"end":{"line":39,"column":7}},"line":36},"4":{"name":"(anonymous_4)","decl":{"start":{"line":40,"column":13},"end":{"line":40,"column":14}},"loc":{"start":{"line":40,"column":22},"end":{"line":43,"column":7}},"line":40},"5":{"name":"runStep","decl":{"start":{"line":53,"column":22},"end":{"line":53,"column":29}},"loc":{"start":{"line":53,"column":50},"end":{"line":70,"column":1}},"line":53},"6":{"name":"(anonymous_6)","decl":{"start":{"line":79,"column":2},"end":{"line":79,"column":3}},"loc":{"start":{"line":79,"column":28},"end":{"line":84,"column":3}},"line":79},"7":{"name":"(anonymous_7)","decl":{"start":{"line":89,"column":2},"end":{"line":89,"column":3}},"loc":{"start":{"line":89,"column":16},"end":{"line":92,"column":3}},"line":89},"8":{"name":"(anonymous_8)","decl":{"start":{"line":97,"column":2},"end":{"line":97,"column":3}},"loc":{"start":{"line":97,"column":18},"end":{"line":100,"column":3}},"line":97},"9":{"name":"(anonymous_9)","decl":{"start":{"line":107,"column":2},"end":{"line":107,"column":3}},"loc":{"start":{"line":107,"column":26},"end":{"line":122,"column":3}},"line":107},"10":{"name":"(anonymous_10)","decl":{"start":{"line":121,"column":36},"end":{"line":121,"column":37}},"loc":{"start":{"line":121,"column":43},"end":{"line":121,"column":52}},"line":121},"11":{"name":"(anonymous_11)","decl":{"start":{"line":129,"column":2},"end":{"line":129,"column":3}},"loc":{"start":{"line":129,"column":27},"end":{"line":135,"column":3}},"line":129},"12":{"name":"(anonymous_12)","decl":{"start":{"line":131,"column":16},"end":{"line":131,"column":17}},"loc":{"start":{"line":131,"column":26},"end":{"line":131,"column":72}},"line":131},"13":{"name":"(anonymous_13)","decl":{"start":{"line":134,"column":36},"end":{"line":134,"column":37}},"loc":{"start":{"line":134,"column":43},"end":{"line":134,"column":52}},"line":134}},"branchMap":{"0":{"loc":{"start":{"line":31,"column":2},"end":{"line":31,"column":48}},"type":"if","locations":[{"start":{"line":31,"column":2},"end":{"line":31,"column":48}},{"start":{},"end":{}}],"line":31},"1":{"loc":{"start":{"line":31,"column":6},"end":{"line":31,"column":34}},"type":"binary-expr","locations":[{"start":{"line":31,"column":6},"end":{"line":31,"column":16}},{"start":{"line":31,"column":20},"end":{"line":31,"column":34}}],"line":31},"2":{"loc":{"start":{"line":53,"column":36},"end":{"line":53,"column":48}},"type":"default-arg","locations":[{"start":{"line":53,"column":46},"end":{"line":53,"column":48}}],"line":53},"3":{"loc":{"start":{"line":54,"column":21},"end":{"line":54,"column":78}},"type":"binary-expr","locations":[{"start":{"line":54,"column":21},"end":{"line":54,"column":33}},{"start":{"line":54,"column":37},"end":{"line":54,"column":55}},{"start":{"line":54,"column":59},"end":{"line":54,"column":78}}],"line":54},"4":{"loc":{"start":{"line":59,"column":52},"end":{"line":59,"column":71}},"type":"binary-expr","locations":[{"start":{"line":59,"column":52},"end":{"line":59,"column":66}},{"start":{"line":59,"column":70},"end":{"line":59,"column":71}}],"line":59},"5":{"loc":{"start":{"line":62,"column":18},"end":{"line":62,"column":66}},"type":"cond-expr","locations":[{"start":{"line":62,"column":41},"end":{"line":62,"column":52}},{"start":{"line":62,"column":55},"end":{"line":62,"column":66}}],"line":62},"6":{"loc":{"start":{"line":63,"column":6},"end":{"line":65,"column":7}},"type":"if","locations":[{"start":{"line":63,"column":6},"end":{"line":65,"column":7}},{"start":{},"end":{}}],"line":63},"7":{"loc":{"start":{"line":64,"column":35},"end":{"line":64,"column":84}},"type":"cond-expr","locations":[{"start":{"line":64,"column":58},"end":{"line":64,"column":61}},{"start":{"line":64,"column":64},"end":{"line":64,"column":84}}],"line":64},"8":{"loc":{"start":{"line":79,"column":14},"end":{"line":79,"column":26}},"type":"default-arg","locations":[{"start":{"line":79,"column":24},"end":{"line":79,"column":26}}],"line":79},"9":{"loc":{"start":{"line":80,"column":22},"end":{"line":80,"column":63}},"type":"binary-expr","locations":[{"start":{"line":80,"column":22},"end":{"line":80,"column":40}},{"start":{"line":80,"column":44},"end":{"line":80,"column":63}}],"line":80},"10":{"loc":{"start":{"line":107,"column":12},"end":{"line":107,"column":24}},"type":"default-arg","locations":[{"start":{"line":107,"column":22},"end":{"line":107,"column":24}}],"line":107},"11":{"loc":{"start":{"line":116,"column":6},"end":{"line":118,"column":7}},"type":"if","locations":[{"start":{"line":116,"column":6},"end":{"line":118,"column":7}},{"start":{},"end":{}}],"line":116},"12":{"loc":{"start":{"line":116,"column":10},"end":{"line":116,"column":53}},"type":"binary-expr","locations":[{"start":{"line":116,"column":10},"end":{"line":116,"column":25}},{"start":{"line":116,"column":29},"end":{"line":116,"column":53}}],"line":116}},"s":{"0":1,"1":18,"2":17,"3":1,"4":1,"5":1,"6":1,"7":0,"8":0,"9":0,"10":0,"11":14,"12":14,"13":14,"14":14,"15":18,"16":18,"17":11,"18":7,"19":7,"20":4,"21":3,"22":5,"23":5,"24":5,"25":7,"26":7,"27":1,"28":2,"29":1,"30":4,"31":4,"32":7,"33":7,"34":7,"35":7,"36":0,"37":4,"38":6,"39":1,"40":2,"41":1,"42":2,"43":1,"44":2},"f":{"0":18,"1":1,"2":1,"3":0,"4":0,"5":14,"6":5,"7":7,"8":1,"9":4,"10":6,"11":1,"12":2,"13":2},"b":{"0":[17,1],"1":[18,1],"2":[4],"3":[14,9,1],"4":[18,17],"5":[7,0],"6":[4,3],"7":[1,0],"8":[4],"9":[5,5],"10":[3],"11":[0,7],"12":[7,1]},"inputSourceMap":null,"_coverageSchema":"1a1c01bbd47fc00a2c39e90264f33305004495a9","hash":"ad5f3ddcf6aed2bf36147ab60e6a54f7ee3d3134"}
}
