TN:
SF:index.js
FN:30,withTimeout
FN:33,(anonymous_1)
FN:34,(anonymous_2)
FN:36,(anonymous_3)
FN:40,(anonymous_4)
FN:53,runStep
FN:79,(anonymous_6)
FN:89,(anonymous_7)
FN:97,(anonymous_8)
FN:107,(anonymous_9)
FN:121,(anonymous_10)
FN:129,(anonymous_11)
FN:131,(anonymous_12)
FN:134,(anonymous_13)
FNF:14
FNH:12
FNDA:18,withTimeout
FNDA:1,(anonymous_1)
FNDA:1,(anonymous_2)
FNDA:0,(anonymous_3)
FNDA:0,(anonymous_4)
FNDA:14,runStep
FNDA:5,(anonymous_6)
FNDA:7,(anonymous_7)
FNDA:1,(anonymous_8)
FNDA:4,(anonymous_9)
FNDA:6,(anonymous_10)
FNDA:1,(anonymous_11)
FNDA:2,(anonymous_12)
FNDA:2,(anonymous_13)
DA:6,1
DA:31,18
DA:33,1
DA:34,1
DA:35,1
DA:37,0
DA:38,0
DA:41,0
DA:42,0
DA:54,14
DA:55,14
DA:57,14
DA:58,18
DA:59,18
DA:60,11
DA:62,7
DA:63,7
DA:64,4
DA:69,3
DA:80,5
DA:81,5
DA:83,5
DA:90,7
DA:91,7
DA:98,2
DA:99,1
DA:109,4
DA:111,4
DA:112,7
DA:113,7
DA:114,7
DA:116,7
DA:117,0
DA:121,6
DA:130,1
DA:131,2
DA:133,2
DA:134,2
LF:38
LH:33
BRDA:31,0,0,17
BRDA:31,0,1,1
BRDA:31,1,0,18
BRDA:31,1,1,1
BRDA:53,2,0,4
BRDA:54,3,0,14
BRDA:54,3,1,9
BRDA:54,3,2,1
BRDA:59,4,0,18
BRDA:59,4,1,17
BRDA:62,5,0,7
BRDA:62,5,1,0
BRDA:63,6,0,4
BRDA:63,6,1,3
BRDA:64,7,0,1
BRDA:64,7,1,0
BRDA:79,8,0,4
BRDA:80,9,0,5
BRDA:80,9,1,5
BRDA:107,10,0,3
BRDA:116,11,0,0
BRDA:116,11,1,7
BRDA:116,12,0,7
BRDA:116,12,1,1
BRF:24
BRH:21
end_of_record
