<?xml version="1.0" encoding="UTF-8"?>
<coverage generated="1781947918432" clover="3.2.0">
  <project timestamp="1781947918433" name="All files">
    <metrics statements="5" coveredstatements="5" conditionals="1" coveredconditionals="1" methods="3" coveredmethods="3" elements="9" coveredelements="9" complexity="0" loc="5" ncloc="5" packages="1" files="1" classes="1"/>
    <file name="index.js" path="C:\Users\fajar\Downloads\AI\shared\logging\index.js">
      <metrics statements="5" coveredstatements="5" conditionals="1" coveredconditionals="1" methods="3" coveredmethods="3"/>
      <line num="30" count="3" type="stmt"/>
      <line num="31" count="12" type="cond" truecount="1" falsecount="0"/>
      <line num="32" count="4" type="stmt"/>
      <line num="34" count="3" type="stmt"/>
      <line num="42" count="1" type="stmt"/>
    </file>
  </project>
</coverage>
