{"C:\\Users\\fajar\\Downloads\\AI\\shared\\logging\\index.js": {"path":"C:\\Users\\fajar\\Downloads\\AI\\shared\\logging\\index.js","statementMap":{"0":{"start":{"line":30,"column":4},"end":{"line":32,"column":56}},"1":{"start":{"line":31,"column":4},"end":{"line":32,"column":56}},"2":{"start":{"line":32,"column":6},"end":{"line":32,"column":56}},"3":{"start":{"line":34,"column":2},"end":{"line":39,"column":4}},"4":{"start":{"line":42,"column":22},"end":{"line":42,"column":46}}},"fnMap":{"0":{"name":"createLogger","decl":{"start":{"line":28,"column":16},"end":{"line":28,"column":28}},"loc":{"start":{"line":28,"column":40},"end":{"line":40,"column":1}},"line":28},"1":{"name":"(anonymous_1)","decl":{"start":{"line":30,"column":4},"end":{"line":30,"column":5}},"loc":{"start":{"line":31,"column":4},"end":{"line":32,"column":56}},"line":31},"2":{"name":"(anonymous_2)","decl":{"start":{"line":31,"column":4},"end":{"line":31,"column":5}},"loc":{"start":{"line":32,"column":6},"end":{"line":32,"column":56}},"line":32}},"branchMap":{"0":{"loc":{"start":{"line":31,"column":14},"end":{"line":31,"column":23}},"type":"default-arg","locations":[{"start":{"line":31,"column":21},"end":{"line":31,"column":23}}],"line":31}},"s":{"0":3,"1":12,"2":4,"3":3,"4":1},"f":{"0":3,"1":12,"2":4},"b":{"0":[3]},"inputSourceMap":null,"_coverageSchema":"1a1c01bbd47fc00a2c39e90264f33305004495a9","hash":"fe3b5f69fb73b6340df8a157b62020819b277a8e"}
}
